[0.017s] Invoking command in '/home/ihitexe/mrm_ros_union_dir/ros_ws3/build/sub_pkg': CMAKE_PREFIX_PATH=/home/ihitexe/mrm_ros_union_dir/ros_ws3/install/tutorial_interfaces:/home/ihitexe/mrm_ros_union_dir/ros_ws3/install/sub_pkg:/home/ihitexe/mrm_ros_union_dir/ros_ws3/install/pub_pkg:/home/ihitexe/mrm_ros_union_dir/ros_ws3/install/disp_pkg:/opt/ros/humble /usr/bin/cmake --build /home/ihitexe/mrm_ros_union_dir/ros_ws3/build/sub_pkg -- -j12 -l12
[0.070s] [35m[1mConsolidate compiler generated dependencies of target sub_node[0m
[0.089s] [ 50%] [32mBuilding CXX object CMakeFiles/sub_node.dir/src/sub_node.cpp.o[0m
[1.837s] In file included from [01m[K/opt/ros/humble/include/rclcpp/rclcpp/logging.hpp:24[m[K,
[1.838s]                  from [01m[K/opt/ros/humble/include/rclcpp/rclcpp/client.hpp:40[m[K,
[1.838s]                  from [01m[K/opt/ros/humble/include/rclcpp/rclcpp/callback_group.hpp:24[m[K,
[1.838s]                  from [01m[K/opt/ros/humble/include/rclcpp/rclcpp/any_executable.hpp:20[m[K,
[1.838s]                  from [01m[K/opt/ros/humble/include/rclcpp/rclcpp/memory_strategy.hpp:25[m[K,
[1.838s]                  from [01m[K/opt/ros/humble/include/rclcpp/rclcpp/memory_strategies.hpp:18[m[K,
[1.838s]                  from [01m[K/opt/ros/humble/include/rclcpp/rclcpp/executor_options.hpp:20[m[K,
[1.838s]                  from [01m[K/opt/ros/humble/include/rclcpp/rclcpp/executor.hpp:37[m[K,
[1.838s]                  from [01m[K/opt/ros/humble/include/rclcpp/rclcpp/executors/multi_threaded_executor.hpp:25[m[K,
[1.838s]                  from [01m[K/opt/ros/humble/include/rclcpp/rclcpp/executors.hpp:21[m[K,
[1.839s]                  from [01m[K/opt/ros/humble/include/rclcpp/rclcpp/rclcpp.hpp:155[m[K,
[1.839s]                  from [01m[K/home/ihitexe/mrm_ros_union_dir/ros_ws3/src/sub_pkg/src/sub_node.cpp:2[m[K:
[1.839s] [01m[K/home/ihitexe/mrm_ros_union_dir/ros_ws3/src/sub_pkg/src/sub_node.cpp:[m[K In function â€˜[01m[Kint main(int, char**)[m[Kâ€™:
[1.839s] [01m[K/home/ihitexe/mrm_ros_union_dir/ros_ws3/src/sub_pkg/src/sub_node.cpp:103:45:[m[K [01;35m[Kwarning: [m[Kformat â€˜[01m[K%s[m[Kâ€™ expects argument of type â€˜[01m[Kchar*[m[Kâ€™, but argument 6 has type â€˜[01m[Ktutorial_interfaces::srv::Display_Response_<std::allocator<void> >::_time_type[m[Kâ€™ {aka â€˜[01m[Kstd::__cxx11::basic_string<char>[m[Kâ€™} [[01;35m[K]8;;https://gcc.gnu.org/onlinedocs/gcc/Warning-Options.html#index-Wformat=-Wformat=]8;;[m[K]
[1.839s]   103 |   RCLCPP_INFO(rclcpp::get_logger("rclcpp"), [01;35m[K"Last bill is : \nBill_no : %d\nTimestamp : %s\nUnit_type : %c\nUnit_no : %d\nUnit_price : %f\nTotal : %f"[m[K, result.get()->bill_no,result.get()->time,result.get()->unit_type,result.get()->unit_no,result.get()->unit_price,result.get()->total);
[1.839s]       |                                             [01;35m[K^~~~~~~~~~~~~~~~~~~~~~~~~~~~~~~~~~~~~~~~~~~~~~~~~~~~~~~~~~~~~~~~~~~~~~~~~~~~~~~~~~~~~~~~~~~~~~~~~~~~~~~~~~[m[K
[1.839s] [01m[K/home/ihitexe/mrm_ros_union_dir/ros_ws3/src/sub_pkg/src/sub_node.cpp:103:90:[m[K [01;36m[Knote: [m[Kformat string is defined here
[1.839s]   103 | ger("rclcpp"), "Last bill is : \nBill_no : %d\nTimestamp : [01;36m[K%s[m[K\nUnit_type : %c\nUnit_no : %d\nUnit_price : %f\nTotal : %f", result.get()->bill_no,result.get()->time,result.get()->unit_type,result.get()->unit_no,result.get()->unit_price,result.get()->total);
[1.839s]       |                                                            [01;36m[K~^[m[K
[1.839s]       |                                                             [01;36m[K|[m[K
[1.839s]       |                                                             [01;36m[Kchar*[m[K
[1.839s] 
[1.840s] [01m[K/home/ihitexe/mrm_ros_union_dir/ros_ws3/src/sub_pkg/src/sub_node.cpp:104:1:[m[K [01;31m[Kerror: [m[Kâ€˜[01m[Kcout[m[Kâ€™ was not declared in this scope; did you mean â€˜[01m[Kstd::cout[m[Kâ€™?
[1.840s]   104 | [01;31m[Kcout[m[K << "sent";
[1.840s]       | [01;31m[K^~~~[m[K
[1.840s]       | [32m[Kstd::cout[m[K
[1.840s] In file included from [01m[K/home/ihitexe/mrm_ros_union_dir/ros_ws3/src/sub_pkg/src/sub_node.cpp:1[m[K:
[1.840s] [01m[K/usr/include/c++/11/iostream:61:18:[m[K [01;36m[Knote: [m[Kâ€˜[01m[Kstd::cout[m[Kâ€™ declared here
[1.840s]    61 |   extern ostream [01;36m[Kcout[m[K;          /// Linked to standard output
[1.840s]       |                  [01;36m[K^~~~[m[K
[3.775s] gmake[2]: *** [CMakeFiles/sub_node.dir/build.make:76: CMakeFiles/sub_node.dir/src/sub_node.cpp.o] Error 1
[3.775s] gmake[1]: *** [CMakeFiles/Makefile2:137: CMakeFiles/sub_node.dir/all] Error 2
[3.775s] gmake: *** [Makefile:146: all] Error 2
[3.777s] Invoked command in '/home/ihitexe/mrm_ros_union_dir/ros_ws3/build/sub_pkg' returned '2': CMAKE_PREFIX_PATH=/home/ihitexe/mrm_ros_union_dir/ros_ws3/install/tutorial_interfaces:/home/ihitexe/mrm_ros_union_dir/ros_ws3/install/sub_pkg:/home/ihitexe/mrm_ros_union_dir/ros_ws3/install/pub_pkg:/home/ihitexe/mrm_ros_union_dir/ros_ws3/install/disp_pkg:/opt/ros/humble /usr/bin/cmake --build /home/ihitexe/mrm_ros_union_dir/ros_ws3/build/sub_pkg -- -j12 -l12
