[0.011s] Invoking command in '/home/ihitexe/mrm_ros_union_dir/ros_ws3/build/disp_pkg': AMENT_PREFIX_PATH=/home/ihitexe/mrm_ros_union_dir/ros_ws3/install/tutorial_interfaces:${AMENT_PREFIX_PATH} CMAKE_PREFIX_PATH=/home/ihitexe/mrm_ros_union_dir/ros_ws3/install/tutorial_interfaces:/opt/ros/humble LD_LIBRARY_PATH=/home/ihitexe/mrm_ros_union_dir/ros_ws3/install/tutorial_interfaces/lib:${LD_LIBRARY_PATH} PYTHONPATH=/home/ihitexe/mrm_ros_union_dir/ros_ws3/install/tutorial_interfaces/local/lib/python3.10/dist-packages:${PYTHONPATH} /usr/bin/cmake --build /home/ihitexe/mrm_ros_union_dir/ros_ws3/build/disp_pkg -- -j12 -l12
[0.056s] [35m[1mConsolidate compiler generated dependencies of target disp_node[0m
[0.073s] [ 50%] [32mBuilding CXX object CMakeFiles/disp_node.dir/src/disp_node.cpp.o[0m
[1.749s] [01m[K/home/ihitexe/mrm_ros_union_dir/ros_ws3/src/disp_pkg/src/disp_node.cpp:17:5:[m[K [01;31m[Kerror: [m[Ktemporary of non-literal type â€˜[01m[Krclcpp::Node[m[Kâ€™ in a constant expression
[1.749s]    17 |   : [01;31m[KNode("BILL")[m[K;
[1.749s]       |     [01;31m[K^~~~~~~~~~~~[m[K
[1.749s] In file included from [01m[K/opt/ros/humble/include/rclcpp/rclcpp/executors/single_threaded_executor.hpp:28[m[K,
[1.749s]                  from [01m[K/opt/ros/humble/include/rclcpp/rclcpp/executors.hpp:22[m[K,
[1.750s]                  from [01m[K/opt/ros/humble/include/rclcpp/rclcpp/rclcpp.hpp:155[m[K,
[1.750s]                  from [01m[K/home/ihitexe/mrm_ros_union_dir/ros_ws3/src/disp_pkg/src/disp_node.cpp:2[m[K:
[1.750s] [01m[K/opt/ros/humble/include/rclcpp/rclcpp/node.hpp:77:7:[m[K [01;36m[Knote: [m[Kâ€˜[01m[Krclcpp::Node[m[Kâ€™ is not literal because:
[1.750s]    77 | class [01;36m[KNode[m[K : public std::enable_shared_from_this<Node>
[1.750s]       |       [01;36m[K^~~~[m[K
[1.750s] [01m[K/opt/ros/humble/include/rclcpp/rclcpp/node.hpp:77:7:[m[K [01;36m[Knote: [m[K  â€˜[01m[Krclcpp::Node[m[Kâ€™ has a non-trivial destructor
[1.750s] [01m[K/home/ihitexe/mrm_ros_union_dir/ros_ws3/src/disp_pkg/src/disp_node.cpp:17:16:[m[K [01;31m[Kerror: [m[KISO C++ forbids declaration of â€˜[01m[Ktype name[m[Kâ€™ with no type [[01;31m[K]8;;https://gcc.gnu.org/onlinedocs/gcc/Warning-Options.html#index-fpermissive-fpermissive]8;;[m[K]
[1.751s]    17 |   : Node("BILL"[01;31m[K)[m[K;
[1.751s]       |                [01;31m[K^[m[K
[1.751s] [01m[K/home/ihitexe/mrm_ros_union_dir/ros_ws3/src/disp_pkg/src/disp_node.cpp:17:16:[m[K [01;31m[Kerror: [m[Kwidth of bit-field â€˜[01m[K<anonymous>[m[Kâ€™ has non-integral type â€˜[01m[Krclcpp::Node[m[Kâ€™
[1.751s] [01m[K/home/ihitexe/mrm_ros_union_dir/ros_ws3/src/disp_pkg/src/disp_node.cpp:19:3:[m[K [01;31m[Kerror: [m[Kexpected unqualified-id before â€˜[01m[K{[m[Kâ€™ token
[1.751s]    19 |   [01;31m[K{[m[K
[1.751s]       |   [01;31m[K^[m[K
[1.751s] [01m[K/home/ihitexe/mrm_ros_union_dir/ros_ws3/src/disp_pkg/src/disp_node.cpp:[m[K In member function â€˜[01m[Kvoid Bill::display_func()[m[Kâ€™:
[1.751s] [01m[K/home/ihitexe/mrm_ros_union_dir/ros_ws3/src/disp_pkg/src/disp_node.cpp:29:57:[m[K [01;31m[Kerror: [m[Kcannot convert â€˜[01m[Krclcpp::Parameter::as_double[m[Kâ€™ from type â€˜[01m[Kdouble (rclcpp::Parameter::)() const[m[Kâ€™ to type â€˜[01m[Kdouble[m[Kâ€™
[1.751s]    29 |   double income = this -> get_parameter("TOTAL_INCOME").[01;31m[Kas_double[m[K;
[1.751s]       |                                                         [01;31m[K^~~~~~~~~[m[K
[1.752s] [01m[K/home/ihitexe/mrm_ros_union_dir/ros_ws3/src/disp_pkg/src/disp_node.cpp:30:56:[m[K [01;31m[Kerror: [m[Kcannot convert â€˜[01m[Krclcpp::Parameter::as_int[m[Kâ€™ from type â€˜[01m[Kint64_t (rclcpp::Parameter::)() const[m[Kâ€™ {aka â€˜[01m[Klong int (rclcpp::Parameter::)() const[m[Kâ€™} to type â€˜[01m[Kint[m[Kâ€™
[1.752s]    30 |   int inventorya = this -> get_parameter("INVENTORYA").[01;31m[Kas_int[m[K;
[1.752s]       |                                                        [01;31m[K^~~~~~[m[K
[1.752s] [01m[K/home/ihitexe/mrm_ros_union_dir/ros_ws3/src/disp_pkg/src/disp_node.cpp:31:56:[m[K [01;31m[Kerror: [m[Kcannot convert â€˜[01m[Krclcpp::Parameter::as_int[m[Kâ€™ from type â€˜[01m[Kint64_t (rclcpp::Parameter::)() const[m[Kâ€™ {aka â€˜[01m[Klong int (rclcpp::Parameter::)() const[m[Kâ€™} to type â€˜[01m[Kint[m[Kâ€™
[1.752s]    31 |   int inventoryb = this -> get_parameter("INVENTORYB").[01;31m[Kas_int[m[K;
[1.752s]       |                                                        [01;31m[K^~~~~~[m[K
[1.752s] [01m[K/home/ihitexe/mrm_ros_union_dir/ros_ws3/src/disp_pkg/src/disp_node.cpp:32:56:[m[K [01;31m[Kerror: [m[Kcannot convert â€˜[01m[Krclcpp::Parameter::as_int[m[Kâ€™ from type â€˜[01m[Kint64_t (rclcpp::Parameter::)() const[m[Kâ€™ {aka â€˜[01m[Klong int (rclcpp::Parameter::)() const[m[Kâ€™} to type â€˜[01m[Kint[m[Kâ€™
[1.752s]    32 |   int inventoryc = this -> get_parameter("INVENTORYC").[01;31m[Kas_int[m[K;
[1.752s]       |                                                        [01;31m[K^~~~~~[m[K
[2.066s] gmake[2]: *** [CMakeFiles/disp_node.dir/build.make:76: CMakeFiles/disp_node.dir/src/disp_node.cpp.o] Error 1
[2.066s] gmake[1]: *** [CMakeFiles/Makefile2:137: CMakeFiles/disp_node.dir/all] Error 2
[2.066s] gmake: *** [Makefile:146: all] Error 2
[2.069s] Invoked command in '/home/ihitexe/mrm_ros_union_dir/ros_ws3/build/disp_pkg' returned '2': AMENT_PREFIX_PATH=/home/ihitexe/mrm_ros_union_dir/ros_ws3/install/tutorial_interfaces:${AMENT_PREFIX_PATH} CMAKE_PREFIX_PATH=/home/ihitexe/mrm_ros_union_dir/ros_ws3/install/tutorial_interfaces:/opt/ros/humble LD_LIBRARY_PATH=/home/ihitexe/mrm_ros_union_dir/ros_ws3/install/tutorial_interfaces/lib:${LD_LIBRARY_PATH} PYTHONPATH=/home/ihitexe/mrm_ros_union_dir/ros_ws3/install/tutorial_interfaces/local/lib/python3.10/dist-packages:${PYTHONPATH} /usr/bin/cmake --build /home/ihitexe/mrm_ros_union_dir/ros_ws3/build/disp_pkg -- -j12 -l12
