[0.016s] Invoking command in '/home/ihitexe/mrm_ros_union_dir/ros_ws3/build/tutorial_interfaces': CMAKE_PREFIX_PATH=${CMAKE_PREFIX_PATH}:/opt/ros/humble /usr/bin/cmake --build /home/ihitexe/mrm_ros_union_dir/ros_ws3/build/tutorial_interfaces -- -j12 -l12
[0.060s] -- Found ament_cmake: 1.3.10 (/opt/ros/humble/share/ament_cmake/cmake)
[0.172s] -- Found geometry_msgs: 4.2.4 (/opt/ros/humble/share/geometry_msgs/cmake)
[0.207s] -- Found rosidl_generator_c: 3.1.5 (/opt/ros/humble/share/rosidl_generator_c/cmake)
[0.212s] -- Found rosidl_adapter: 3.1.5 (/opt/ros/humble/share/rosidl_adapter/cmake)
[0.221s] -- Found rosidl_generator_cpp: 3.1.5 (/opt/ros/humble/share/rosidl_generator_cpp/cmake)
[0.232s] -- Using all available rosidl_typesupport_c: rosidl_typesupport_fastrtps_c;rosidl_typesupport_introspection_c
[0.242s] -- Using all available rosidl_typesupport_cpp: rosidl_typesupport_fastrtps_cpp;rosidl_typesupport_introspection_cpp
[0.270s] -- Found rosidl_default_generators: 1.2.0 (/opt/ros/humble/share/rosidl_default_generators/cmake)
[0.449s] [31mCMake Error at /opt/ros/humble/share/rosidl_adapter/cmake/rosidl_adapt_interfaces.cmake:59 (message):
[0.449s]   execute_process(/usr/bin/python3 -m rosidl_adapter --package-name
[0.449s]   tutorial_interfaces --arguments-file
[0.449s]   /home/ihitexe/mrm_ros_union_dir/ros_ws3/build/tutorial_interfaces/rosidl_adapter__arguments__tutorial_interfaces.json
[0.449s]   --output-dir
[0.449s]   /home/ihitexe/mrm_ros_union_dir/ros_ws3/build/tutorial_interfaces/rosidl_adapter/tutorial_interfaces
[0.449s]   --output-file
[0.449s]   /home/ihitexe/mrm_ros_union_dir/ros_ws3/build/tutorial_interfaces/rosidl_adapter/tutorial_interfaces.idls)
[0.450s]   returned error code 1:
[0.450s] 
[0.450s]   Traceback (most recent call last):
[0.450s] 
[0.450s]     File "/usr/lib/python3.10/runpy.py", line 196, in _run_module_as_main
[0.450s]       return _run_code(code, main_globals, None,
[0.450s]     File "/usr/lib/python3.10/runpy.py", line 86, in _run_code
[0.450s]       exec(code, run_globals)
[0.450s]     File "/opt/ros/humble/local/lib/python3.10/dist-packages/rosidl_adapter/__main__.py", line 19, in <module>
[0.450s]       sys.exit(main())
[0.450s]     File "/opt/ros/humble/local/lib/python3.10/dist-packages/rosidl_adapter/main.py", line 53, in main
[0.450s]       abs_idl_file = convert_to_idl(
[0.451s]     File "/opt/ros/humble/local/lib/python3.10/dist-packages/rosidl_adapter/__init__.py", line 24, in convert_to_idl
[0.451s]       return convert_srv_to_idl(
[0.451s]     File "/opt/ros/humble/local/lib/python3.10/dist-packages/rosidl_adapter/srv/__init__.py", line 28, in convert_srv_to_idl
[0.451s]       srv = parse_service_string(package_name, input_file.stem, content)
[0.451s]     File "/opt/ros/humble/local/lib/python3.10/dist-packages/rosidl_adapter/parser.py", line 859, in parse_service_string
[0.451s]       request_message = parse_message_string(
[0.451s]     File "/opt/ros/humble/local/lib/python3.10/dist-packages/rosidl_adapter/parser.py", line 544, in parse_message_string
[0.451s]       msg = MessageSpecification(pkg_name, msg_name, fields, constants)
[0.451s]     File "/opt/ros/humble/local/lib/python3.10/dist-packages/rosidl_adapter/parser.py", line 388, in __init__
[0.451s]       self.base_type = BaseType(
[0.451s]     File "/opt/ros/humble/local/lib/python3.10/dist-packages/rosidl_adapter/parser.py", line 205, in __init__
[0.452s]       raise InvalidResourceName(
[0.452s] 
[0.452s]   rosidl_adapter.parser.InvalidResourceName: 'display_Request' is an invalid
[0.452s]   message name.  It should have the pattern '^[A-Z][A-Za-z0-9]*$'
[0.452s] 
[0.452s] Call Stack (most recent call first):
[0.452s]   /opt/ros/humble/share/rosidl_cmake/cmake/rosidl_generate_interfaces.cmake:130 (rosidl_adapt_interfaces)
[0.452s]   CMakeLists.txt:17 (rosidl_generate_interfaces)
[0.452s] 
[0.452s] [0m
[0.452s] -- Configuring incomplete, errors occurred!
[0.452s] See also "/home/ihitexe/mrm_ros_union_dir/ros_ws3/build/tutorial_interfaces/CMakeFiles/CMakeOutput.log".
[0.456s] gmake: *** [Makefile:747: cmake_check_build_system] Error 1
[0.458s] Invoked command in '/home/ihitexe/mrm_ros_union_dir/ros_ws3/build/tutorial_interfaces' returned '2': CMAKE_PREFIX_PATH=${CMAKE_PREFIX_PATH}:/opt/ros/humble /usr/bin/cmake --build /home/ihitexe/mrm_ros_union_dir/ros_ws3/build/tutorial_interfaces -- -j12 -l12
