[0.013s] Invoking command in '/home/ihitexe/mrm_ros_union_dir/ros_ws3/build/pub_pkg': CMAKE_PREFIX_PATH=${CMAKE_PREFIX_PATH}:/opt/ros/humble /usr/bin/cmake --build /home/ihitexe/mrm_ros_union_dir/ros_ws3/build/pub_pkg -- -j12 -l12
[0.048s] -- Found ament_cmake: 1.3.10 (/opt/ros/humble/share/ament_cmake/cmake)
[0.151s] -- Found rclcpp: 16.0.10 (/opt/ros/humble/share/rclcpp/cmake)
[0.188s] -- Found rosidl_generator_c: 3.1.5 (/opt/ros/humble/share/rosidl_generator_c/cmake)
[0.190s] -- Found rosidl_adapter: 3.1.5 (/opt/ros/humble/share/rosidl_adapter/cmake)
[0.195s] -- Found rosidl_generator_cpp: 3.1.5 (/opt/ros/humble/share/rosidl_generator_cpp/cmake)
[0.201s] -- Using all available rosidl_typesupport_c: rosidl_typesupport_fastrtps_c;rosidl_typesupport_introspection_c
[0.210s] -- Using all available rosidl_typesupport_cpp: rosidl_typesupport_fastrtps_cpp;rosidl_typesupport_introspection_cpp
[0.236s] -- Found rmw_implementation_cmake: 6.1.2 (/opt/ros/humble/share/rmw_implementation_cmake/cmake)
[0.238s] -- Found rmw_fastrtps_cpp: 6.2.7 (/opt/ros/humble/share/rmw_fastrtps_cpp/cmake)
[0.331s] -- Using RMW implementation 'rmw_fastrtps_cpp' as default
[0.374s] -- Found tutorial_interfaces: 0.0.0 (/home/ihitexe/mrm_ros_union_dir/ros_ws3/install/tutorial_interfaces/share/tutorial_interfaces/cmake)
[0.394s] -- Found ament_lint_auto: 0.12.11 (/opt/ros/humble/share/ament_lint_auto/cmake)
[0.446s] -- Added test 'cppcheck' to perform static code analysis on C / C++ code
[0.446s] -- Configured cppcheck include dirs: $<BUILD_INTERFACE:/home/ihitexe/mrm_ros_union_dir/ros_ws3/src/pub_pkg/include>
[0.446s] -- Configured cppcheck exclude dirs and/or files: 
[0.447s] -- Added test 'lint_cmake' to check CMake code style
[0.447s] -- Added test 'uncrustify' to check C / C++ code style
[0.447s] -- Configured uncrustify additional arguments: 
[0.447s] -- Added test 'xmllint' to check XML markup files
[0.448s] -- Configuring done
[0.454s] -- Generating done
[0.457s] -- Build files have been written to: /home/ihitexe/mrm_ros_union_dir/ros_ws3/build/pub_pkg
[0.483s] [35m[1mConsolidate compiler generated dependencies of target pub_node[0m
[0.503s] [ 50%] [32mBuilding CXX object CMakeFiles/pub_node.dir/src/pub_node.cpp.o[0m
[2.268s] [01m[K/home/ihitexe/mrm_ros_union_dir/ros_ws3/src/pub_pkg/src/pub_node.cpp:[m[K In constructor â€˜[01m[KPublisher::Publisher()[m[Kâ€™:
[2.268s] [01m[K/home/ihitexe/mrm_ros_union_dir/ros_ws3/src/pub_pkg/src/pub_node.cpp:18:54:[m[K [01;31m[Kerror: [m[Kâ€˜[01m[KMinimalPublisher[m[Kâ€™ has not been declared
[2.268s]    18 |     timer= this->create_wall_timer(500ms, std::bind(&[01;31m[KMinimalPublisher[m[K::timer_callback, this));
[2.269s]       |                                                      [01;31m[K^~~~~~~~~~~~~~~~[m[K
[2.269s] [01m[K/home/ihitexe/mrm_ros_union_dir/ros_ws3/src/pub_pkg/src/pub_node.cpp:16:8:[m[K [01;35m[Kwarning: [m[Kunused variable â€˜[01m[Kcount[m[Kâ€™ [[01;35m[K]8;;https://gcc.gnu.org/onlinedocs/gcc/Warning-Options.html#index-Wunused-variable-Wunused-variable]8;;[m[K]
[2.269s]    16 |   {int [01;35m[Kcount[m[K = 0;
[2.269s]       |        [01;35m[K^~~~~[m[K
[2.269s] [01m[K/home/ihitexe/mrm_ros_union_dir/ros_ws3/src/pub_pkg/src/pub_node.cpp:[m[K In member function â€˜[01m[Kvoid Publisher::timer_callback()[m[Kâ€™:
[2.269s] [01m[K/home/ihitexe/mrm_ros_union_dir/ros_ws3/src/pub_pkg/src/pub_node.cpp:25:13:[m[K [01;31m[Kerror: [m[Kâ€˜[01m[Kstruct tutorial_interfaces::msg::Num_<std::allocator<void> >[m[Kâ€™ has no member named â€˜[01m[Knum[m[Kâ€™
[2.269s]    25 |     message.[01;31m[Knum[m[K = this->count++;
[2.270s]       |             [01;31m[K^~~[m[K
[2.270s] [01m[K/home/ihitexe/mrm_ros_union_dir/ros_ws3/src/pub_pkg/src/pub_node.cpp:25:25:[m[K [01;31m[Kerror: [m[Kâ€˜[01m[Kclass Publisher[m[Kâ€™ has no member named â€˜[01m[Kcount[m[Kâ€™
[2.270s]    25 |     message.num = this->[01;31m[Kcount[m[K++;
[2.270s]       |                         [01;31m[K^~~~~[m[K
[2.270s] In file included from [01m[K/opt/ros/humble/include/rclcpp/rclcpp/client.hpp:40[m[K,
[2.270s]                  from [01m[K/opt/ros/humble/include/rclcpp/rclcpp/callback_group.hpp:24[m[K,
[2.270s]                  from [01m[K/opt/ros/humble/include/rclcpp/rclcpp/any_executable.hpp:20[m[K,
[2.270s]                  from [01m[K/opt/ros/humble/include/rclcpp/rclcpp/memory_strategy.hpp:25[m[K,
[2.270s]                  from [01m[K/opt/ros/humble/include/rclcpp/rclcpp/memory_strategies.hpp:18[m[K,
[2.270s]                  from [01m[K/opt/ros/humble/include/rclcpp/rclcpp/executor_options.hpp:20[m[K,
[2.271s]                  from [01m[K/opt/ros/humble/include/rclcpp/rclcpp/executor.hpp:37[m[K,
[2.271s]                  from [01m[K/opt/ros/humble/include/rclcpp/rclcpp/executors/multi_threaded_executor.hpp:25[m[K,
[2.271s]                  from [01m[K/opt/ros/humble/include/rclcpp/rclcpp/executors.hpp:21[m[K,
[2.271s]                  from [01m[K/opt/ros/humble/include/rclcpp/rclcpp/rclcpp.hpp:155[m[K,
[2.271s]                  from [01m[K/home/ihitexe/mrm_ros_union_dir/ros_ws3/src/pub_pkg/src/pub_node.cpp:2[m[K:
[2.271s] [01m[K/home/ihitexe/mrm_ros_union_dir/ros_ws3/src/pub_pkg/src/pub_node.cpp:26:71:[m[K [01;31m[Kerror: [m[Kâ€˜[01m[Kstruct tutorial_interfaces::msg::Num_<std::allocator<void> >[m[Kâ€™ has no member named â€˜[01m[Knum[m[Kâ€™
[2.271s]    26 | _INFO_STREAM(this->get_logger(), "Publishing: '" << message.[01;31m[Knum[m[K << "'");
[2.271s]       |                                                             [01;31m[K^~~[m[K
[2.271s] 
[2.844s] gmake[2]: *** [CMakeFiles/pub_node.dir/build.make:76: CMakeFiles/pub_node.dir/src/pub_node.cpp.o] Error 1
[2.844s] gmake[1]: *** [CMakeFiles/Makefile2:137: CMakeFiles/pub_node.dir/all] Error 2
[2.844s] gmake: *** [Makefile:146: all] Error 2
[2.847s] Invoked command in '/home/ihitexe/mrm_ros_union_dir/ros_ws3/build/pub_pkg' returned '2': CMAKE_PREFIX_PATH=${CMAKE_PREFIX_PATH}:/opt/ros/humble /usr/bin/cmake --build /home/ihitexe/mrm_ros_union_dir/ros_ws3/build/pub_pkg -- -j12 -l12
