-- Found ament_cmake: 1.3.10 (/opt/ros/humble/share/ament_cmake/cmake)
-- Found rclcpp: 16.0.10 (/opt/ros/humble/share/rclcpp/cmake)
-- Found rosidl_generator_c: 3.1.5 (/opt/ros/humble/share/rosidl_generator_c/cmake)
-- Found rosidl_adapter: 3.1.5 (/opt/ros/humble/share/rosidl_adapter/cmake)
-- Found rosidl_generator_cpp: 3.1.5 (/opt/ros/humble/share/rosidl_generator_cpp/cmake)
-- Using all available rosidl_typesupport_c: rosidl_typesupport_fastrtps_c;rosidl_typesupport_introspection_c
-- Using all available rosidl_typesupport_cpp: rosidl_typesupport_fastrtps_cpp;rosidl_typesupport_introspection_cpp
-- Found rmw_implementation_cmake: 6.1.2 (/opt/ros/humble/share/rmw_implementation_cmake/cmake)
-- Found rmw_fastrtps_cpp: 6.2.7 (/opt/ros/humble/share/rmw_fastrtps_cpp/cmake)
-- Using RMW implementation 'rmw_fastrtps_cpp' as default
-- Found tutorial_interfaces: 0.0.0 (/home/ihitexe/mrm_ros_union_dir/ros_ws3/install/tutorial_interfaces/share/tutorial_interfaces/cmake)
-- Found ament_lint_auto: 0.12.11 (/opt/ros/humble/share/ament_lint_auto/cmake)
-- Added test 'cppcheck' to perform static code analysis on C / C++ code
-- Configured cppcheck include dirs: $<BUILD_INTERFACE:/home/ihitexe/mrm_ros_union_dir/ros_ws3/src/sub_pkg/include>
-- Configured cppcheck exclude dirs and/or files: 
-- Added test 'lint_cmake' to check CMake code style
-- Added test 'uncrustify' to check C / C++ code style
-- Configured uncrustify additional arguments: 
-- Added test 'xmllint' to check XML markup files
-- Configuring done
-- Generating done
-- Build files have been written to: /home/ihitexe/mrm_ros_union_dir/ros_ws3/build/sub_pkg
[35m[1mConsolidate compiler generated dependencies of target sub_node[0m
[ 50%] [32mBuilding CXX object CMakeFiles/sub_node.dir/src/sub_node.cpp.o[0m
[01m[K/home/ihitexe/mrm_ros_union_dir/ros_ws3/src/sub_pkg/src/sub_node.cpp:[m[K In member function â€˜[01m[Kvoid Subscriber::stock(tutorial_interfaces::msg::Num_<std::allocator<void> >::SharedPtr)[m[Kâ€™:
[01m[K/home/ihitexe/mrm_ros_union_dir/ros_ws3/src/sub_pkg/src/sub_node.cpp:76:1:[m[K [01;31m[Kerror: [m[Kâ€˜[01m[Kclient[m[Kâ€™ was not declared in this scope
   76 | [01;31m[Kclient[m[K = this->create_client<tutorial_interfaces::srv>
      | [01;31m[K^~~~~~[m[K
[01m[K/home/ihitexe/mrm_ros_union_dir/ros_ws3/src/sub_pkg/src/sub_node.cpp:76:16:[m[K [01;31m[Kerror: [m[Kparse error in template argument list
   76 | client = this->[01;31m[Kcreate_client<tutorial_interfaces::srv>[m[K
      |                [01;31m[K^~~~~~~~~~~~~~~~~~~~~~~~~~~~~~~~~~~~~~~[m[K
[01m[K/home/ihitexe/mrm_ros_union_dir/ros_ws3/src/sub_pkg/src/sub_node.cpp:[m[K In function â€˜[01m[Kint main(int, char**)[m[Kâ€™:
[01m[K/home/ihitexe/mrm_ros_union_dir/ros_ws3/src/sub_pkg/src/sub_node.cpp:97:5:[m[K [01;31m[Kerror: [m[Kâ€˜[01m[Knode[m[Kâ€™ was not declared in this scope
   97 |     [01;31m[Knode[m[K->create_client<tutorial_interfaces::srv::Display>("DISPLAY");
      |     [01;31m[K^~~~[m[K
[01m[K/home/ihitexe/mrm_ros_union_dir/ros_ws3/src/sub_pkg/src/sub_node.cpp:97:58:[m[K [01;31m[Kerror: [m[Kexpected primary-expression before â€˜[01m[K>[m[Kâ€™ token
   97 |     node->create_client<tutorial_interfaces::srv::Display[01;31m[K>[m[K("DISPLAY");
      |                                                          [01;31m[K^[m[K
In file included from [01m[K/opt/ros/humble/include/rclcpp/rclcpp/logging.hpp:24[m[K,
                 from [01m[K/opt/ros/humble/include/rclcpp/rclcpp/client.hpp:40[m[K,
                 from [01m[K/opt/ros/humble/include/rclcpp/rclcpp/callback_group.hpp:24[m[K,
                 from [01m[K/opt/ros/humble/include/rclcpp/rclcpp/any_executable.hpp:20[m[K,
                 from [01m[K/opt/ros/humble/include/rclcpp/rclcpp/memory_strategy.hpp:25[m[K,
                 from [01m[K/opt/ros/humble/include/rclcpp/rclcpp/memory_strategies.hpp:18[m[K,
                 from [01m[K/opt/ros/humble/include/rclcpp/rclcpp/executor_options.hpp:20[m[K,
                 from [01m[K/opt/ros/humble/include/rclcpp/rclcpp/executor.hpp:37[m[K,
                 from [01m[K/opt/ros/humble/include/rclcpp/rclcpp/executors/multi_threaded_executor.hpp:25[m[K,
                 from [01m[K/opt/ros/humble/include/rclcpp/rclcpp/executors.hpp:21[m[K,
                 from [01m[K/opt/ros/humble/include/rclcpp/rclcpp/rclcpp.hpp:155[m[K,
                 from [01m[K/home/ihitexe/mrm_ros_union_dir/ros_ws3/src/sub_pkg/src/sub_node.cpp:2[m[K:
[01m[K/home/ihitexe/mrm_ros_union_dir/ros_ws3/src/sub_pkg/src/sub_node.cpp:104:45:[m[K [01;35m[Kwarning: [m[Kformat â€˜[01m[K%s[m[Kâ€™ expects argument of type â€˜[01m[Kchar*[m[Kâ€™, but argument 6 has type â€˜[01m[Ktutorial_interfaces::srv::Display_Response_<std::allocator<void> >::_time_type[m[Kâ€™ {aka â€˜[01m[Kstd::__cxx11::basic_string<char>[m[Kâ€™} [[01;35m[K]8;;https://gcc.gnu.org/onlinedocs/gcc/Warning-Options.html#index-Wformat=-Wformat=]8;;[m[K]
  104 |   RCLCPP_INFO(rclcpp::get_logger("rclcpp"), [01;35m[K"Last bill is : \nBill_no : %d\nTimestamp : %s\nUnit_type : %c\nUnit_no : %d\nUnit_price : %f\nTotal : %f"[m[K, result.get()->bill_no,result.get()->time,result.get()->unit_type,result.get()->unit_no,result.get()->unit_price,result.get()->total);
      |                                             [01;35m[K^~~~~~~~~~~~~~~~~~~~~~~~~~~~~~~~~~~~~~~~~~~~~~~~~~~~~~~~~~~~~~~~~~~~~~~~~~~~~~~~~~~~~~~~~~~~~~~~~~~~~~~~~~[m[K
[01m[K/home/ihitexe/mrm_ros_union_dir/ros_ws3/src/sub_pkg/src/sub_node.cpp:104:90:[m[K [01;36m[Knote: [m[Kformat string is defined here
  104 | ger("rclcpp"), "Last bill is : \nBill_no : %d\nTimestamp : [01;36m[K%s[m[K\nUnit_type : %c\nUnit_no : %d\nUnit_price : %f\nTotal : %f", result.get()->bill_no,result.get()->time,result.get()->unit_type,result.get()->unit_no,result.get()->unit_price,result.get()->total);
      |                                                            [01;36m[K~^[m[K
      |                                                             [01;36m[K|[m[K
      |                                                             [01;36m[Kchar*[m[K

gmake[2]: *** [CMakeFiles/sub_node.dir/build.make:76: CMakeFiles/sub_node.dir/src/sub_node.cpp.o] Error 1
gmake[1]: *** [CMakeFiles/Makefile2:137: CMakeFiles/sub_node.dir/all] Error 2
gmake: *** [Makefile:146: all] Error 2
