[35m[1mConsolidate compiler generated dependencies of target pub_node[0m
[ 50%] [32mBuilding CXX object CMakeFiles/pub_node.dir/src/pub_node.cpp.o[0m
In file included from [01m[K/opt/ros/humble/include/rclcpp/rclcpp/logging.hpp:24[m[K,
                 from [01m[K/opt/ros/humble/include/rclcpp/rclcpp/client.hpp:40[m[K,
                 from [01m[K/opt/ros/humble/include/rclcpp/rclcpp/callback_group.hpp:24[m[K,
                 from [01m[K/opt/ros/humble/include/rclcpp/rclcpp/any_executable.hpp:20[m[K,
                 from [01m[K/opt/ros/humble/include/rclcpp/rclcpp/memory_strategy.hpp:25[m[K,
                 from [01m[K/opt/ros/humble/include/rclcpp/rclcpp/memory_strategies.hpp:18[m[K,
                 from [01m[K/opt/ros/humble/include/rclcpp/rclcpp/executor_options.hpp:20[m[K,
                 from [01m[K/opt/ros/humble/include/rclcpp/rclcpp/executor.hpp:37[m[K,
                 from [01m[K/opt/ros/humble/include/rclcpp/rclcpp/executors/multi_threaded_executor.hpp:25[m[K,
                 from [01m[K/opt/ros/humble/include/rclcpp/rclcpp/executors.hpp:21[m[K,
                 from [01m[K/opt/ros/humble/include/rclcpp/rclcpp/rclcpp.hpp:155[m[K,
                 from [01m[K/home/ihitexe/mrm_ros_union_dir/ros_ws3/src/pub_pkg/src/pub_node.cpp:2[m[K:
[01m[K/home/ihitexe/mrm_ros_union_dir/ros_ws3/src/pub_pkg/src/pub_node.cpp:[m[K In member function â€˜[01m[Kvoid Publisher::publish_bill()[m[Kâ€™:
[01m[K/home/ihitexe/mrm_ros_union_dir/ros_ws3/src/pub_pkg/src/pub_node.cpp:32:198:[m[K [01;31m[Kerror: [m[Kexpected primary-expression before â€˜[01m[K.[m[Kâ€™ token
   32 | t costing %f\nYour total amount is : %f",tutorial_interfaces[01;31m[K.[m[Kbill_no, tutorial_interfaces.time.c_str(), tutorial_interfaces.unit_no,ch,tutorial_interfaces.unit_price, tutorial_interfaces.total);
      |                                                             [01;31m[K^[m[K

[01m[K/home/ihitexe/mrm_ros_union_dir/ros_ws3/src/pub_pkg/src/pub_node.cpp:32:227:[m[K [01;31m[Kerror: [m[Kexpected primary-expression before â€˜[01m[K.[m[Kâ€™ token
   32 | nt is : %f",tutorial_interfaces.bill_no, tutorial_interfaces[01;31m[K.[m[Ktime.c_str(), tutorial_interfaces.unit_no,ch,tutorial_interfaces.unit_price, tutorial_interfaces.total);
      |                                                             [01;31m[K^[m[K

[01m[K/home/ihitexe/mrm_ros_union_dir/ros_ws3/src/pub_pkg/src/pub_node.cpp:32:261:[m[K [01;31m[Kerror: [m[Kexpected primary-expression before â€˜[01m[K.[m[Kâ€™ token
   32 | ll_no, tutorial_interfaces.time.c_str(), tutorial_interfaces[01;31m[K.[m[Kunit_no,ch,tutorial_interfaces.unit_price, tutorial_interfaces.total);
      |                                                             [01;31m[K^[m[K

[01m[K/home/ihitexe/mrm_ros_union_dir/ros_ws3/src/pub_pkg/src/pub_node.cpp:32:270:[m[K [01;31m[Kerror: [m[Kâ€˜[01m[Kch[m[Kâ€™ was not declared in this scope
   32 | torial_interfaces.time.c_str(), tutorial_interfaces.unit_no,[01;31m[Kch[m[K,tutorial_interfaces.unit_price, tutorial_interfaces.total);
      |                                                             [01;31m[K^~[m[K

[01m[K/home/ihitexe/mrm_ros_union_dir/ros_ws3/src/pub_pkg/src/pub_node.cpp:32:292:[m[K [01;31m[Kerror: [m[Kexpected primary-expression before â€˜[01m[K.[m[Kâ€™ token
   32 | .c_str(), tutorial_interfaces.unit_no,ch,tutorial_interfaces[01;31m[K.[m[Kunit_price, tutorial_interfaces.total);
      |                                                             [01;31m[K^[m[K

[01m[K/home/ihitexe/mrm_ros_union_dir/ros_ws3/src/pub_pkg/src/pub_node.cpp:32:324:[m[K [01;31m[Kerror: [m[Kexpected primary-expression before â€˜[01m[K.[m[Kâ€™ token
   32 | .unit_no,ch,tutorial_interfaces.unit_price, tutorial_interfaces[01;31m[K.[m[Ktotal);
      |                                                                [01;31m[K^[m[K

gmake[2]: *** [CMakeFiles/pub_node.dir/build.make:76: CMakeFiles/pub_node.dir/src/pub_node.cpp.o] Error 1
gmake[1]: *** [CMakeFiles/Makefile2:137: CMakeFiles/pub_node.dir/all] Error 2
gmake: *** [Makefile:146: all] Error 2
